<?xml version="1.0" encoding="UTF-8"?>
<!-- Generated by org.testng.reporters.JUnitReportReporter -->
<testsuite hostname="PC-HUONGNGUYEN" name="tc.common.TC_01_LoginToApplication" tests="1" failures="0" timestamp="27 Jun 2018 07:54:26 GMT" time="150.425" errors="0">
  <testcase name="TC_02_OpenMenu" time="150.425" classname="tc.common.TC_01_LoginToApplication"/>
</testsuite> <!-- tc.common.TC_01_LoginToApplication -->
