<?xml version="1.0" encoding="UTF-8"?>
<!-- Generated by org.testng.reporters.JUnitReportReporter -->
<testsuite hostname="PC-HUONGNGUYEN" name="tc.common.OpenAllPages" tests="2" failures="0" timestamp="28 Jun 2018 09:24:28 GMT" time="454.847" errors="0">
  <testcase name="TC_02_OpenMenu" time="239.898" classname="tc.common.OpenAllPages"/>
  <testcase name="TC_02_OpenMenu" time="214.949" classname="tc.common.OpenAllPages"/>
</testsuite> <!-- tc.common.OpenAllPages -->
