<?xml version="1.0" encoding="UTF-8"?>
<!-- Generated by org.testng.reporters.JUnitReportReporter -->
<testsuite hostname="PC-HUONGNGUYEN" name="tc.common.OpenAllPages" tests="1" failures="0" timestamp="27 Jun 2018 08:03:09 GMT" time="150.030" errors="0">
  <testcase name="TC_02_OpenMenu" time="150.030" classname="tc.common.OpenAllPages"/>
</testsuite> <!-- tc.common.OpenAllPages -->
