<?xml version="1.0" encoding="UTF-8"?>
<!-- Generated by org.testng.reporters.JUnitReportReporter -->
<testsuite hostname="PC-HUONGNGUYEN" name="dcm.login.TC_01_LoginToApplication" tests="1" failures="0" timestamp="26 Jun 2018 03:00:22 GMT" time="0.005" errors="0">
  <testcase name="f" time="0.005" classname="dcm.login.TC_01_LoginToApplication"/>
</testsuite> <!-- dcm.login.TC_01_LoginToApplication -->
